<?xml version="1.0" encoding="UTF-8"?>
<!-- Generated by org.testng.reporters.JUnitReportReporter -->
<testsuite skipped="2" hostname="Alis-MBP.lan" name="com.maven.class1.LoginTest" tests="3" failures="0" timestamp="04 Dec 2022 16:14:55 GMT" time="4.727" errors="0">
  <testcase name="verifyLoginSuccesfulWithValidCred" time="4.727" classname="com.maven.class1.LoginTest"/>
  <testcase name="verifyLoginUnSuccesfulWithInValidCred" classname="com.maven.class1.LoginTest">
    <skipped/>
  </testcase> <!-- verifyLoginUnSuccesfulWithInValidCred -->
  <testcase name="verifyLoginUnSuccesfulWithInBlankCred" classname="com.maven.class1.LoginTest">
    <skipped/>
  </testcase> <!-- verifyLoginUnSuccesfulWithInBlankCred -->
</testsuite> <!-- com.maven.class1.LoginTest -->
