<?xml version="1.0" encoding="UTF-8"?>
<!-- Generated by org.testng.reporters.JUnitReportReporter -->
<testsuite skipped="0" hostname="Alis-MBP.lan" name="com.automation.test.AddUserTest" tests="1" failures="0" timestamp="21 Jan 2023 15:37:03 GMT" time="11.632" errors="0">
  <testcase name="addUserFunctionalityTest" time="11.632" classname="com.automation.test.AddUserTest"/>
</testsuite> <!-- com.automation.test.AddUserTest -->
