<?xml version="1.0" encoding="UTF-8"?>
<!-- Generated by org.testng.reporters.JUnitReportReporter -->
<testsuite skipped="2" hostname="Alis-MBP.lan" name="com.automation.test.LoginTest" tests="3" failures="0" timestamp="21 Jan 2023 15:37:34 GMT" time="4.383" errors="0">
  <testcase name="verifyLoginSuccesfulWithValidCred" time="4.383" classname="com.automation.test.LoginTest"/>
  <testcase name="verifyLoginUnSuccesfulWithInBlankCred" classname="com.automation.test.LoginTest">
    <skipped/>
  </testcase> <!-- verifyLoginUnSuccesfulWithInBlankCred -->
  <testcase name="verifyLoginUnSuccesfulWithInValidCred" classname="com.automation.test.LoginTest">
    <skipped/>
  </testcase> <!-- verifyLoginUnSuccesfulWithInValidCred -->
</testsuite> <!-- com.automation.test.LoginTest -->
