<?xml version="1.0" encoding="UTF-8"?>
<!-- Generated by org.testng.reporters.JUnitReportReporter -->
<testsuite skipped="0" hostname="Alis-MBP.lan" name="com.automation.test.ForgetPasswordTest" tests="1" failures="0" timestamp="21 Jan 2023 16:34:06 GMT" time="6.734" errors="0">
  <testcase name="verifyForgetPasswordIncorrectUser" time="6.734" classname="com.automation.test.ForgetPasswordTest"/>
</testsuite> <!-- com.automation.test.ForgetPasswordTest -->
