<?xml version="1.0" encoding="UTF-8"?>
<!-- Generated by org.testng.reporters.JUnitReportReporter -->
<testsuite skipped="0" hostname="Alis-MBP.lan" name="com.maven.class1.ForgetPasswordTest" tests="1" failures="0" timestamp="04 Dec 2022 14:10:05 GMT" time="4.818" errors="0">
  <testcase name="verifyForgetPasswordIncorrectUser" time="4.818" classname="com.maven.class1.ForgetPasswordTest"/>
</testsuite> <!-- com.maven.class1.ForgetPasswordTest -->
